0 info it worked if it ends with ok
1 verbose cli [ 'node', '/usr/local/bin/npm', 'install', 'less', '--global' ]
2 info using npm@2.5.1
3 info using node@v0.12.0
4 silly cache add args [ 'less', null ]
5 verbose cache add spec less
6 silly cache add parsed spec { raw: 'less',
6 silly cache add   scope: null,
6 silly cache add   name: 'less',
6 silly cache add   rawSpec: '',
6 silly cache add   spec: '*',
6 silly cache add   type: 'range' }
7 verbose addNamed less@*
8 silly addNamed semver.valid null
9 silly addNamed semver.validRange *
10 silly addNameRange { name: 'less', range: '*', hasData: false }
11 silly mapToRegistry name less
12 silly mapToRegistry using default registry
13 silly mapToRegistry registry https://registry.npmjs.org/
14 silly mapToRegistry uri https://registry.npmjs.org/less
15 verbose addNameRange registry:https://registry.npmjs.org/less not in flight; fetching
16 verbose request uri https://registry.npmjs.org/less
17 verbose request no auth needed
18 info attempt registry request try #1 at 11:02:14 AM
19 verbose request id 14cd5049656e7b64
20 verbose etag "OMCNAC8LVTCDTJKTQ7JV4NJ8"
21 http request GET https://registry.npmjs.org/less
22 http 304 https://registry.npmjs.org/less
23 silly get cb [ 304,
23 silly get   { date: 'Sun, 08 Feb 2015 09:02:15 GMT',
23 silly get     server: 'Apache',
23 silly get     via: '1.1 varnish',
23 silly get     'last-modified': 'Sun, 08 Feb 2015 09:02:15 GMT',
23 silly get     'cache-control': 'max-age=60',
23 silly get     etag: '"OMCNAC8LVTCDTJKTQ7JV4NJ8"',
23 silly get     age: '6',
23 silly get     'x-served-by': 'cache-ams4140-AMS',
23 silly get     'x-cache': 'HIT',
23 silly get     'x-cache-hits': '1',
23 silly get     'x-timer': 'S1423386135.009756,VS0,VE0',
23 silly get     vary: 'Accept',
23 silly get     'content-length': '0',
23 silly get     'keep-alive': 'timeout=10, max=50',
23 silly get     connection: 'Keep-Alive' } ]
24 verbose etag https://registry.npmjs.org/less from cache
25 verbose get saving less to /Users/sami/.npm/registry.npmjs.org/less/.cache.json
26 silly addNameRange number 2 { name: 'less', range: '*', hasData: true }
27 silly addNameRange versions [ 'less',
27 silly addNameRange   [ '1.0.10',
27 silly addNameRange     '1.0.11',
27 silly addNameRange     '1.0.14',
27 silly addNameRange     '1.0.18',
27 silly addNameRange     '1.0.19',
27 silly addNameRange     '1.0.21',
27 silly addNameRange     '1.0.32',
27 silly addNameRange     '1.0.36',
27 silly addNameRange     '1.0.5',
27 silly addNameRange     '1.0.40',
27 silly addNameRange     '1.0.41',
27 silly addNameRange     '1.0.44',
27 silly addNameRange     '1.1.0',
27 silly addNameRange     '1.1.1',
27 silly addNameRange     '1.1.2',
27 silly addNameRange     '1.1.4',
27 silly addNameRange     '1.1.5',
27 silly addNameRange     '1.1.6',
27 silly addNameRange     '1.2.0',
27 silly addNameRange     '1.2.1',
27 silly addNameRange     '1.2.2',
27 silly addNameRange     '1.3.0',
27 silly addNameRange     '1.3.1',
27 silly addNameRange     '1.3.2',
27 silly addNameRange     '1.3.3',
27 silly addNameRange     '1.4.0-b1',
27 silly addNameRange     '1.4.0-b2',
27 silly addNameRange     '1.4.0-b3',
27 silly addNameRange     '1.4.0-b4',
27 silly addNameRange     '1.4.0',
27 silly addNameRange     '1.4.1',
27 silly addNameRange     '1.4.2',
27 silly addNameRange     '1.5.0-b1',
27 silly addNameRange     '1.5.0-b2',
27 silly addNameRange     '1.5.0-b3',
27 silly addNameRange     '1.5.0-b4',
27 silly addNameRange     '1.5.0',
27 silly addNameRange     '1.5.1',
27 silly addNameRange     '1.6.0',
27 silly addNameRange     '1.6.1',
27 silly addNameRange     '1.6.2',
27 silly addNameRange     '1.6.3',
27 silly addNameRange     '1.7.0',
27 silly addNameRange     '1.7.1',
27 silly addNameRange     '1.7.3',
27 silly addNameRange     '1.7.4',
27 silly addNameRange     '1.7.5',
27 silly addNameRange     '2.0.0-b1',
27 silly addNameRange     '2.0.0-b2',
27 silly addNameRange     '2.0.0-b3',
27 silly addNameRange     '2.0.0',
27 silly addNameRange     '2.1.0',
27 silly addNameRange     '2.1.1',
27 silly addNameRange     '2.1.2',
27 silly addNameRange     '2.2.0',
27 silly addNameRange     '2.3.0',
27 silly addNameRange     '2.3.1' ] ]
28 verbose addNamed less@2.3.1
29 silly addNamed semver.valid 2.3.1
30 silly addNamed semver.validRange 2.3.1
31 silly cache afterAdd less@2.3.1
32 verbose afterAdd /Users/sami/.npm/less/2.3.1/package/package.json not in flight; writing
33 verbose afterAdd /Users/sami/.npm/less/2.3.1/package/package.json written
34 silly install resolved [ { name: 'less',
34 silly install resolved     version: '2.3.1',
34 silly install resolved     description: 'Leaner CSS',
34 silly install resolved     homepage: 'http://lesscss.org',
34 silly install resolved     author: { name: 'Alexis Sellier', email: 'self@cloudhead.net' },
34 silly install resolved     contributors: [ [Object] ],
34 silly install resolved     bugs: { url: 'https://github.com/less/less.js/issues' },
34 silly install resolved     repository: { type: 'git', url: 'https://github.com/less/less.js.git' },
34 silly install resolved     licenses: [ [Object] ],
34 silly install resolved     bin: { lessc: './bin/lessc' },
34 silly install resolved     main: 'index',
34 silly install resolved     directories: { test: './test' },
34 silly install resolved     jam: { main: './dist/less.js' },
34 silly install resolved     engines: { node: '>=0.10.0' },
34 silly install resolved     scripts: { test: 'grunt test' },
34 silly install resolved     optionalDependencies:
34 silly install resolved      { errno: '^0.1.1',
34 silly install resolved        'graceful-fs': '^3.0.5',
34 silly install resolved        'image-size': '~0.3.5',
34 silly install resolved        mime: '^1.2.11',
34 silly install resolved        mkdirp: '^0.5.0',
34 silly install resolved        promise: '^6.0.1',
34 silly install resolved        request: '^2.51.0',
34 silly install resolved        'source-map': '^0.2.0' },
34 silly install resolved     devDependencies:
34 silly install resolved      { diff: '^1.0',
34 silly install resolved        grunt: '^0.4.5',
34 silly install resolved        'grunt-contrib-clean': '^0.6.0',
34 silly install resolved        'grunt-contrib-concat': '^0.5.0',
34 silly install resolved        'grunt-contrib-connect': '^0.9.0',
34 silly install resolved        'grunt-contrib-jasmine': '^0.8.1',
34 silly install resolved        'grunt-contrib-jshint': '^0.11.0',
34 silly install resolved        'grunt-contrib-uglify': '^0.7.0',
34 silly install resolved        'grunt-jscs': '^1.2.0',
34 silly install resolved        'grunt-shell': '^1.1.1',
34 silly install resolved        'grunt-browserify': '^3.2.0',
34 silly install resolved        matchdep: '^0.3.0',
34 silly install resolved        'time-grunt': '^1.0.0',
34 silly install resolved        'grunt-saucelabs': '^8.3.2' },
34 silly install resolved     keywords:
34 silly install resolved      [ 'compile less',
34 silly install resolved        'css nesting',
34 silly install resolved        'css variable',
34 silly install resolved        'css',
34 silly install resolved        'gradients css',
34 silly install resolved        'gradients css3',
34 silly install resolved        'less compiler',
34 silly install resolved        'less css',
34 silly install resolved        'less mixins',
34 silly install resolved        'less',
34 silly install resolved        'less.js',
34 silly install resolved        'lesscss',
34 silly install resolved        'mixins',
34 silly install resolved        'nested css',
34 silly install resolved        'parser',
34 silly install resolved        'preprocessor',
34 silly install resolved        'bootstrap css',
34 silly install resolved        'bootstrap less',
34 silly install resolved        'style',
34 silly install resolved        'styles',
34 silly install resolved        'stylesheet',
34 silly install resolved        'variables in css',
34 silly install resolved        'css less' ],
34 silly install resolved     dependencies:
34 silly install resolved      { errno: '^0.1.1',
34 silly install resolved        'graceful-fs': '^3.0.5',
34 silly install resolved        'image-size': '~0.3.5',
34 silly install resolved        mime: '^1.2.11',
34 silly install resolved        mkdirp: '^0.5.0',
34 silly install resolved        promise: '^6.0.1',
34 silly install resolved        request: '^2.51.0',
34 silly install resolved        'source-map': '^0.2.0' },
34 silly install resolved     _id: 'less@2.3.1',
34 silly install resolved     dist:
34 silly install resolved      { shasum: 'c10ec082b2f2950f6e1c750e4da14bcc543ed845',
34 silly install resolved        tarball: 'http://registry.npmjs.org/less/-/less-2.3.1.tgz' },
34 silly install resolved     _from: 'less@*',
34 silly install resolved     _npmVersion: '1.3.24',
34 silly install resolved     _npmUser: { name: 'agatronic', email: 'luke.a.page@gmail.com' },
34 silly install resolved     maintainers: [ [Object], [Object] ],
34 silly install resolved     _shasum: 'c10ec082b2f2950f6e1c750e4da14bcc543ed845',
34 silly install resolved     _resolved: 'https://registry.npmjs.org/less/-/less-2.3.1.tgz',
34 silly install resolved     readme: 'ERROR: No README data found!' } ]
35 info install less@2.3.1 into /usr/local/lib
36 info installOne less@2.3.1
37 verbose installOne of less to /usr/local/lib not in flight; installing
38 verbose lock using /Users/sami/.npm/_locks/less-c2213c903e2e7354.lock for /usr/local/lib/node_modules/less
39 silly install write writing less 2.3.1 to /usr/local/lib/node_modules/less
40 silly cache addNamed cb less@2.3.1
41 verbose unbuild lib/node_modules/less
42 info preuninstall less@2.3.1
43 info uninstall less@2.3.1
44 verbose unbuild rmStuff less@2.3.1 from /usr/local/lib/node_modules
45 verbose gentlyRm verifying that /usr/local is managed by npm
46 silly isManaged /usr/local is not inside /usr/local/lib/node_modules
47 silly isManaged /usr/local is not inside /usr/local/lib/node_modules
48 silly isManaged /usr/local/bin is inside /usr/local
49 silly gentlyRm /usr/local is managed by npm
50 silly gentlyRm /usr/local/bin/lessc is under /usr/local
51 verbose gentlyRm vacuuming /usr/local/bin/lessc up to /usr/local
52 info postuninstall less@2.3.1
53 verbose gentlyRm vacuuming /usr/local/lib/node_modules/less
54 silly gentlyRm purging /usr/local/lib/node_modules/less
55 verbose unlock done using /Users/sami/.npm/_locks/less-c2213c903e2e7354.lock for /usr/local/lib/node_modules/less
56 verbose stack Error: EACCES, unlink '/usr/local/lib/node_modules/less'
56 verbose stack     at Error (native)
57 verbose cwd /Users/sami/Documents/www_root/portfolio2015/less
58 error Darwin 14.1.0
59 error argv "node" "/usr/local/bin/npm" "install" "less" "--global"
60 error node v0.12.0
61 error npm  v2.5.1
62 error path /usr/local/lib/node_modules/less
63 error code EACCES
64 error errno -13
65 error Error: EACCES, unlink '/usr/local/lib/node_modules/less'
65 error     at Error (native)
65 error  { [Error: EACCES, unlink '/usr/local/lib/node_modules/less']
65 error   errno: -13,
65 error   code: 'EACCES',
65 error   path: '/usr/local/lib/node_modules/less' }
66 error Please try running this command again as root/Administrator.
67 verbose exit [ -13, true ]
68 verbose unbuild lib/node_modules/less
69 info preuninstall less@2.3.1
70 info uninstall less@2.3.1
71 verbose unbuild rmStuff less@2.3.1 from /usr/local/lib/node_modules
72 verbose gentlyRm verifying that /usr/local is managed by npm
73 silly isManaged /usr/local is not inside /usr/local/lib/node_modules
74 silly isManaged /usr/local is not inside /usr/local/lib/node_modules
75 silly isManaged /usr/local is not inside /usr/local/bin
76 silly isManaged /usr/local is inside /usr/local
77 silly gentlyRm /usr/local is managed by npm
78 silly gentlyRm /usr/local/bin/lessc is under /usr/local
79 verbose gentlyRm vacuuming /usr/local/bin/lessc up to /usr/local
80 info postuninstall less@2.3.1
81 verbose gentlyRm vacuuming /usr/local/lib/node_modules/less
82 silly gentlyRm purging /usr/local/lib/node_modules/less
83 error error rolling back Error: EACCES, unlink '/usr/local/lib/node_modules/less'
83 error error rolling back     at Error (native)
83 error error rolling back  { [Error: EACCES, unlink '/usr/local/lib/node_modules/less']
83 error error rolling back   errno: -13,
83 error error rolling back   code: 'EACCES',
83 error error rolling back   path: '/usr/local/lib/node_modules/less' }
